2017-03-08 15:25:33 INFO  Start:17 - Starting
2017-03-08 15:25:33 DEBUG Input:30 - Reading if the file have the extension
2017-03-08 15:25:33 DEBUG Input:37 - no
2017-03-08 15:25:33 DEBUG Input:30 - Reading if the file have the extension
2017-03-08 15:25:33 DEBUG Input:37 - no
2017-03-08 15:25:33 DEBUG Input:30 - Reading if the file have the extension
2017-03-08 15:25:33 DEBUG Input:37 - no
2017-03-08 15:25:42 INFO  Start:92 - GUI was closed
2017-03-08 15:27:07 INFO  Start:17 - Starting
2017-03-08 15:27:07 DEBUG Input:30 - Reading if the file have the extension
2017-03-08 15:27:07 DEBUG Input:37 - no
2017-03-08 15:27:07 DEBUG Input:30 - Reading if the file have the extension
2017-03-08 15:27:07 DEBUG Input:37 - no
2017-03-08 15:27:07 DEBUG Input:30 - Reading if the file have the extension
2017-03-08 15:27:07 DEBUG Input:37 - no
2017-03-08 15:27:11 INFO  Start:92 - GUI was closed
2017-03-08 15:27:48 INFO  Start:17 - Starting
2017-03-08 15:27:48 DEBUG Input:30 - Reading if the file have the extension
2017-03-08 15:27:48 DEBUG Input:37 - no
2017-03-08 15:27:48 DEBUG Input:30 - Reading if the file have the extension
2017-03-08 15:27:48 DEBUG Input:37 - no
2017-03-08 15:27:48 DEBUG Input:30 - Reading if the file have the extension
2017-03-08 15:27:48 DEBUG Input:37 - no
2017-03-08 15:28:03 INFO  Start:92 - GUI was closed
2017-03-08 15:28:11 INFO  Start:17 - Starting
2017-03-08 15:28:11 DEBUG Input:30 - Reading if the file have the extension
2017-03-08 15:28:11 DEBUG Input:37 - no
2017-03-08 15:28:11 DEBUG Input:30 - Reading if the file have the extension
2017-03-08 15:28:11 DEBUG Input:37 - no
2017-03-08 15:28:11 DEBUG Input:30 - Reading if the file have the extension
2017-03-08 15:28:11 DEBUG Input:37 - no
2017-03-08 15:28:17 INFO  Start:92 - GUI was closed
2017-03-08 15:30:10 INFO  Start:17 - Starting
2017-03-08 15:30:10 DEBUG Input:30 - Reading if the file have the extension
2017-03-08 15:30:10 DEBUG Input:37 - no
2017-03-08 15:30:10 DEBUG Input:30 - Reading if the file have the extension
2017-03-08 15:30:10 DEBUG Input:37 - no
2017-03-08 15:30:10 DEBUG Input:30 - Reading if the file have the extension
2017-03-08 15:30:10 DEBUG Input:37 - no
2017-03-08 15:30:20 INFO  Start:17 - Starting
2017-03-08 15:30:20 DEBUG Input:30 - Reading if the file have the extension
2017-03-08 15:30:20 DEBUG Input:37 - no
2017-03-08 15:30:20 DEBUG Input:30 - Reading if the file have the extension
2017-03-08 15:30:20 DEBUG Input:37 - no
2017-03-08 15:30:20 DEBUG Input:30 - Reading if the file have the extension
2017-03-08 15:30:20 DEBUG Input:37 - no
2017-03-08 15:31:03 INFO  Start:17 - Starting
2017-03-08 15:31:03 DEBUG Input:30 - Reading if the file have the extension
2017-03-08 15:31:03 DEBUG Input:37 - no
2017-03-08 15:31:03 DEBUG Input:30 - Reading if the file have the extension
2017-03-08 15:31:03 DEBUG Input:37 - no
2017-03-08 15:31:03 DEBUG Input:30 - Reading if the file have the extension
2017-03-08 15:31:03 DEBUG Input:37 - no
2017-03-08 15:31:25 INFO  Start:17 - Starting
2017-03-08 15:31:25 DEBUG Input:30 - Reading if the file have the extension
2017-03-08 15:31:25 DEBUG Input:34 - yes
2017-03-08 15:31:25 DEBUG Input:30 - Reading if the file have the extension
2017-03-08 15:31:25 DEBUG Input:34 - yes
2017-03-08 15:31:25 DEBUG Input:30 - Reading if the file have the extension
2017-03-08 15:31:25 DEBUG Input:34 - yes
2017-03-08 15:31:38 INFO  Start:17 - Starting
2017-03-08 15:31:38 DEBUG Input:30 - Reading if the file have the extension
2017-03-08 15:31:38 DEBUG Input:34 - yes
2017-03-08 15:31:38 DEBUG Input:30 - Reading if the file have the extension
2017-03-08 15:31:38 DEBUG Input:34 - yes
2017-03-08 15:31:38 DEBUG Input:30 - Reading if the file have the extension
2017-03-08 15:31:38 DEBUG Input:34 - yes
2017-03-08 15:32:11 INFO  Start:17 - Starting
2017-03-08 15:32:11 DEBUG Input:30 - Reading if the file have the extension
2017-03-08 15:32:11 DEBUG Input:37 - no
2017-03-08 15:32:11 DEBUG Input:30 - Reading if the file have the extension
2017-03-08 15:32:12 DEBUG Input:37 - no
2017-03-08 15:32:12 DEBUG Input:30 - Reading if the file have the extension
2017-03-08 15:32:12 DEBUG Input:37 - no
2017-03-08 15:32:18 INFO  Start:17 - Starting
2017-03-08 15:32:18 DEBUG Input:30 - Reading if the file have the extension
2017-03-08 15:32:18 DEBUG Input:37 - no
2017-03-08 15:32:18 DEBUG Input:30 - Reading if the file have the extension
2017-03-08 15:32:18 DEBUG Input:37 - no
2017-03-08 15:32:18 DEBUG Input:30 - Reading if the file have the extension
2017-03-08 15:32:18 DEBUG Input:37 - no
2017-03-08 15:42:00 INFO  Start:17 - Starting
2017-03-08 15:42:00 DEBUG Input:31 - Reading if the file have the extension
2017-03-08 15:42:00 DEBUG Input:38 - no
2017-03-08 15:42:00 DEBUG Start:42 - File exists: true
2017-03-08 15:42:00 DEBUG Input:31 - Reading if the file have the extension
2017-03-08 15:42:00 DEBUG Input:38 - no
2017-03-08 15:42:00 DEBUG Start:42 - File exists: true
2017-03-08 15:42:00 DEBUG Input:31 - Reading if the file have the extension
2017-03-08 15:42:00 DEBUG Input:38 - no
2017-03-08 15:42:00 DEBUG Start:42 - File exists: true
2017-03-08 15:42:11 INFO  Start:17 - Starting
2017-03-08 15:42:11 DEBUG Input:31 - Reading if the file have the extension
2017-03-08 15:42:11 DEBUG Input:38 - no
2017-03-08 15:42:11 DEBUG Start:42 - File exists: true
2017-03-08 15:42:11 DEBUG Input:31 - Reading if the file have the extension
2017-03-08 15:42:11 DEBUG Input:38 - no
2017-03-08 15:42:11 DEBUG Start:42 - File exists: true
2017-03-08 15:42:11 DEBUG Input:31 - Reading if the file have the extension
2017-03-08 15:42:11 DEBUG Input:38 - no
2017-03-08 15:42:11 DEBUG Start:42 - File exists: true
2017-03-08 15:43:43 INFO  Start:17 - Starting
2017-03-08 15:43:43 DEBUG Input:31 - Reading if the file have the extension
2017-03-08 15:43:43 DEBUG Input:38 - no
2017-03-08 15:43:43 DEBUG Start:42 - File exists: true
2017-03-08 15:43:43 DEBUG Input:31 - Reading if the file have the extension
2017-03-08 15:43:43 DEBUG Input:38 - no
2017-03-08 15:43:43 DEBUG Start:42 - File exists: true
2017-03-08 15:43:43 DEBUG Input:31 - Reading if the file have the extension
2017-03-08 15:43:43 DEBUG Input:38 - no
2017-03-08 15:43:43 DEBUG Start:42 - File exists: true
2017-03-08 15:43:43 DEBUG Start:27 - Number of Jobs: 5
2017-03-08 15:43:53 INFO  Start:17 - Starting
2017-03-08 15:43:53 DEBUG Input:31 - Reading if the file have the extension
2017-03-08 15:43:53 DEBUG Input:38 - no
2017-03-08 15:43:53 DEBUG Start:42 - File exists: true
2017-03-08 15:43:53 DEBUG Input:31 - Reading if the file have the extension
2017-03-08 15:43:53 DEBUG Input:38 - no
2017-03-08 15:43:53 DEBUG Start:42 - File exists: true
2017-03-08 15:43:53 DEBUG Input:31 - Reading if the file have the extension
2017-03-08 15:43:53 DEBUG Input:38 - no
2017-03-08 15:43:53 DEBUG Start:42 - File exists: true
2017-03-08 15:43:53 DEBUG Start:27 - Number of Jobs: 5
2017-03-08 15:45:00 INFO  Start:17 - Starting
2017-03-08 15:45:00 DEBUG Input:31 - Reading if the file have the extension
2017-03-08 15:45:00 DEBUG Input:38 - no
2017-03-08 15:45:00 DEBUG Start:42 - File exists: true
2017-03-08 15:45:00 DEBUG Input:31 - Reading if the file have the extension
2017-03-08 15:45:00 DEBUG Input:38 - no
2017-03-08 15:45:00 DEBUG Start:42 - File exists: true
2017-03-08 15:45:00 DEBUG Input:31 - Reading if the file have the extension
2017-03-08 15:45:00 DEBUG Input:38 - no
2017-03-08 15:45:00 DEBUG Start:42 - File exists: true
2017-03-08 15:45:00 DEBUG Start:27 - Number of Jobs: 5
2017-03-08 15:46:28 INFO  Start:17 - Starting
2017-03-08 15:46:28 DEBUG Input:31 - Reading if the file have the extension
2017-03-08 15:46:28 DEBUG Input:38 - no
2017-03-08 15:46:28 DEBUG Start:42 - File exists: true
2017-03-08 15:46:28 DEBUG Input:31 - Reading if the file have the extension
2017-03-08 15:46:28 DEBUG Input:38 - no
2017-03-08 15:46:28 DEBUG Start:42 - File exists: true
2017-03-08 15:46:28 DEBUG Input:31 - Reading if the file have the extension
2017-03-08 15:46:28 DEBUG Input:38 - no
2017-03-08 15:46:28 DEBUG Start:42 - File exists: true
2017-03-08 15:46:28 DEBUG Start:27 - Number of Jobs: 5
2017-03-08 15:46:41 INFO  Start:17 - Starting
2017-03-08 15:46:41 DEBUG Input:31 - Reading if the file have the extension
2017-03-08 15:46:41 DEBUG Input:38 - no
2017-03-08 15:46:41 DEBUG Start:42 - File exists: true
2017-03-08 15:46:41 DEBUG Input:31 - Reading if the file have the extension
2017-03-08 15:46:41 DEBUG Input:38 - no
2017-03-08 15:46:41 DEBUG Start:42 - File exists: true
2017-03-08 15:46:41 DEBUG Input:31 - Reading if the file have the extension
2017-03-08 15:46:41 DEBUG Input:38 - no
2017-03-08 15:46:41 DEBUG Start:42 - File exists: true
2017-03-08 15:46:41 DEBUG Start:27 - Number of Jobs: 5
2017-03-08 15:47:00 INFO  Start:17 - Starting
2017-03-08 15:47:00 DEBUG Input:31 - Reading if the file have the extension
2017-03-08 15:47:00 DEBUG Input:38 - no
2017-03-08 15:47:00 DEBUG Start:42 - File exists: true
2017-03-08 15:47:00 DEBUG Input:31 - Reading if the file have the extension
2017-03-08 15:47:00 DEBUG Input:38 - no
2017-03-08 15:47:00 DEBUG Start:42 - File exists: true
2017-03-08 15:47:00 DEBUG Input:31 - Reading if the file have the extension
2017-03-08 15:47:00 DEBUG Input:38 - no
2017-03-08 15:47:00 DEBUG Start:42 - File exists: true
2017-03-08 15:47:00 DEBUG Start:27 - Number of Jobs: 5
2017-03-08 15:47:09 INFO  Start:17 - Starting
2017-03-08 15:47:09 DEBUG Input:31 - Reading if the file have the extension
2017-03-08 15:47:09 DEBUG Input:38 - no
2017-03-08 15:47:09 DEBUG Start:42 - File exists: true
2017-03-08 15:47:09 DEBUG Input:31 - Reading if the file have the extension
2017-03-08 15:47:09 DEBUG Input:38 - no
2017-03-08 15:47:09 DEBUG Start:42 - File exists: true
2017-03-08 15:47:09 DEBUG Input:31 - Reading if the file have the extension
2017-03-08 15:47:09 DEBUG Input:38 - no
2017-03-08 15:47:09 DEBUG Start:42 - File exists: true
2017-03-08 15:47:09 DEBUG Start:27 - Number of Jobs: 5
2017-03-08 15:48:32 INFO  Start:17 - Starting
2017-03-08 15:48:32 DEBUG Input:31 - Reading if the file have the extension
2017-03-08 15:48:32 DEBUG Input:38 - no
2017-03-08 15:48:32 DEBUG Start:42 - File exists: true
2017-03-08 15:48:32 DEBUG Input:31 - Reading if the file have the extension
2017-03-08 15:48:32 DEBUG Input:38 - no
2017-03-08 15:48:32 DEBUG Start:42 - File exists: true
2017-03-08 15:48:32 DEBUG Input:31 - Reading if the file have the extension
2017-03-08 15:48:32 DEBUG Input:38 - no
2017-03-08 15:48:32 DEBUG Start:42 - File exists: true
2017-03-08 15:48:32 DEBUG Start:27 - Number of Jobs: 5
2017-03-08 15:48:38 INFO  Start:17 - Starting
2017-03-08 15:48:38 DEBUG Input:31 - Reading if the file have the extension
2017-03-08 15:48:38 DEBUG Input:38 - no
2017-03-08 15:48:38 DEBUG Start:42 - File exists: true
2017-03-08 15:48:38 DEBUG Input:31 - Reading if the file have the extension
2017-03-08 15:48:38 DEBUG Input:38 - no
2017-03-08 15:48:38 DEBUG Start:42 - File exists: true
2017-03-08 15:48:38 DEBUG Input:31 - Reading if the file have the extension
2017-03-08 15:48:38 DEBUG Input:38 - no
2017-03-08 15:48:38 DEBUG Start:42 - File exists: true
2017-03-08 15:48:38 DEBUG Start:27 - Number of Jobs: 5
2017-03-08 15:49:30 INFO  Start:17 - Starting
2017-03-08 15:49:30 DEBUG Input:31 - Reading if the file have the extension
2017-03-08 15:49:30 DEBUG Input:38 - no
2017-03-08 15:49:30 DEBUG Start:42 - File exists: true
2017-03-08 15:49:30 DEBUG Input:31 - Reading if the file have the extension
2017-03-08 15:49:30 DEBUG Input:38 - no
2017-03-08 15:49:30 DEBUG Start:42 - File exists: true
2017-03-08 15:49:30 DEBUG Input:31 - Reading if the file have the extension
2017-03-08 15:49:30 DEBUG Input:38 - no
2017-03-08 15:49:30 DEBUG Start:42 - File exists: true
2017-03-08 15:49:31 DEBUG Start:27 - Number of Jobs: 5
2017-03-08 15:49:40 INFO  Start:17 - Starting
2017-03-08 15:49:40 DEBUG Input:31 - Reading if the file have the extension
2017-03-08 15:49:40 DEBUG Input:38 - no
2017-03-08 15:49:40 DEBUG Start:42 - File exists: true
2017-03-08 15:49:40 DEBUG Input:31 - Reading if the file have the extension
2017-03-08 15:49:40 DEBUG Input:38 - no
2017-03-08 15:49:40 DEBUG Start:42 - File exists: true
2017-03-08 15:49:40 DEBUG Input:31 - Reading if the file have the extension
2017-03-08 15:49:40 DEBUG Input:38 - no
2017-03-08 15:49:40 DEBUG Start:42 - File exists: true
2017-03-08 15:49:40 DEBUG Start:27 - Number of Jobs: 5
2017-03-08 15:52:56 INFO  Start:17 - Starting
2017-03-08 15:52:56 DEBUG Input:31 - Reading if the file have the extension
2017-03-08 15:52:56 DEBUG Input:38 - no
2017-03-08 15:52:56 DEBUG Start:42 - File exists: true
2017-03-08 15:52:56 DEBUG Input:31 - Reading if the file have the extension
2017-03-08 15:52:56 DEBUG Input:38 - no
2017-03-08 15:52:56 DEBUG Start:42 - File exists: true
2017-03-08 15:52:56 DEBUG Input:31 - Reading if the file have the extension
2017-03-08 15:52:56 DEBUG Input:38 - no
2017-03-08 15:52:56 DEBUG Start:42 - File exists: true
2017-03-08 15:52:56 DEBUG Start:27 - Number of Jobs: 5
2017-03-08 15:52:56 DEBUG Start:94 - 1002 added to Cell
2017-03-08 15:53:02 INFO  Start:92 - GUI was closed
2017-03-08 16:08:02 INFO  Start:17 - Starting
2017-03-08 16:08:02 DEBUG Input:31 - Reading if the file have the extension
2017-03-08 16:08:02 DEBUG Input:38 - no
2017-03-08 16:08:02 DEBUG Start:42 - File exists: true
2017-03-08 16:08:02 DEBUG Input:31 - Reading if the file have the extension
2017-03-08 16:08:02 DEBUG Input:38 - no
2017-03-08 16:08:02 DEBUG Start:42 - File exists: true
2017-03-08 16:08:02 DEBUG Input:31 - Reading if the file have the extension
2017-03-08 16:08:02 DEBUG Input:38 - no
2017-03-08 16:08:02 DEBUG Start:42 - File exists: true
2017-03-08 16:08:02 DEBUG Start:27 - Number of Jobs: 5
2017-03-08 16:08:02 DEBUG Start:94 - 1002 added to Cell
2017-03-08 16:08:36 INFO  Start:17 - Starting
2017-03-08 16:08:36 DEBUG Input:31 - Reading if the file have the extension
2017-03-08 16:08:36 DEBUG Input:38 - no
2017-03-08 16:08:36 DEBUG Start:42 - File exists: true
2017-03-08 16:08:36 DEBUG Input:31 - Reading if the file have the extension
2017-03-08 16:08:36 DEBUG Input:38 - no
2017-03-08 16:08:36 DEBUG Start:42 - File exists: true
2017-03-08 16:08:36 DEBUG Input:31 - Reading if the file have the extension
2017-03-08 16:08:36 DEBUG Input:38 - no
2017-03-08 16:08:36 DEBUG Start:42 - File exists: true
2017-03-08 16:08:36 DEBUG Start:27 - Number of Jobs: 5
2017-03-08 16:08:36 DEBUG Start:94 - 1002 added to Cell
2017-03-08 16:09:30 INFO  Start:17 - Starting
2017-03-08 16:09:30 DEBUG Input:31 - Reading if the file have the extension
2017-03-08 16:09:30 DEBUG Input:38 - no
2017-03-08 16:09:30 DEBUG Start:42 - File exists: true
2017-03-08 16:09:30 DEBUG Input:31 - Reading if the file have the extension
2017-03-08 16:09:30 DEBUG Input:38 - no
2017-03-08 16:09:30 DEBUG Start:42 - File exists: true
2017-03-08 16:09:30 DEBUG Input:31 - Reading if the file have the extension
2017-03-08 16:09:30 DEBUG Input:38 - no
2017-03-08 16:09:30 DEBUG Start:42 - File exists: true
2017-03-08 16:09:30 DEBUG Start:27 - Number of Jobs: 5
2017-03-08 16:09:30 DEBUG Start:94 - 1002 added to Cell
2017-03-08 16:10:46 INFO  Start:17 - Starting
2017-03-08 16:10:46 DEBUG Input:31 - Reading if the file have the extension
2017-03-08 16:10:46 DEBUG Input:38 - no
2017-03-08 16:10:46 DEBUG Start:42 - File exists: true
2017-03-08 16:10:46 DEBUG Input:31 - Reading if the file have the extension
2017-03-08 16:10:46 DEBUG Input:38 - no
2017-03-08 16:10:46 DEBUG Start:42 - File exists: true
2017-03-08 16:10:46 DEBUG Input:31 - Reading if the file have the extension
2017-03-08 16:10:46 DEBUG Input:38 - no
2017-03-08 16:10:46 DEBUG Start:42 - File exists: true
2017-03-08 16:10:46 DEBUG Start:27 - Number of Jobs: 5
2017-03-08 16:10:46 DEBUG Start:94 - 1002 added to Cell
2017-03-08 16:10:51 INFO  Start:93 - GUI was closed
2017-03-08 16:11:05 INFO  Start:17 - Starting
2017-03-08 16:11:05 DEBUG Input:31 - Reading if the file have the extension
2017-03-08 16:11:05 DEBUG Input:38 - no
2017-03-08 16:11:05 DEBUG Start:42 - File exists: true
2017-03-08 16:11:05 DEBUG Input:31 - Reading if the file have the extension
2017-03-08 16:11:05 DEBUG Input:38 - no
2017-03-08 16:11:05 DEBUG Start:42 - File exists: true
2017-03-08 16:11:05 DEBUG Input:31 - Reading if the file have the extension
2017-03-08 16:11:05 DEBUG Input:38 - no
2017-03-08 16:11:05 DEBUG Start:42 - File exists: true
2017-03-08 16:11:05 DEBUG Start:27 - Number of Jobs: 5
2017-03-08 16:11:05 DEBUG Start:94 - 1002 added to Cell
2017-03-08 16:11:30 INFO  Start:17 - Starting
2017-03-08 16:11:30 DEBUG Input:31 - Reading if the file have the extension
2017-03-08 16:11:30 DEBUG Input:38 - no
2017-03-08 16:11:30 DEBUG Start:42 - File exists: true
2017-03-08 16:11:30 DEBUG Input:31 - Reading if the file have the extension
2017-03-08 16:11:30 DEBUG Input:38 - no
2017-03-08 16:11:30 DEBUG Start:42 - File exists: true
2017-03-08 16:11:30 DEBUG Input:31 - Reading if the file have the extension
2017-03-08 16:11:30 DEBUG Input:38 - no
2017-03-08 16:11:30 DEBUG Start:42 - File exists: true
2017-03-08 16:11:30 DEBUG Start:27 - Number of Jobs: 5
2017-03-08 16:11:30 DEBUG Start:94 - 1002 added to Cell
2017-03-08 16:11:46 INFO  Start:17 - Starting
2017-03-08 16:11:46 DEBUG Input:31 - Reading if the file have the extension
2017-03-08 16:11:46 DEBUG Input:38 - no
2017-03-08 16:11:46 DEBUG Start:42 - File exists: true
2017-03-08 16:11:46 DEBUG Input:31 - Reading if the file have the extension
2017-03-08 16:11:46 DEBUG Input:38 - no
2017-03-08 16:11:46 DEBUG Start:42 - File exists: true
2017-03-08 16:11:46 DEBUG Input:31 - Reading if the file have the extension
2017-03-08 16:11:46 DEBUG Input:38 - no
2017-03-08 16:11:46 DEBUG Start:42 - File exists: true
2017-03-08 16:11:46 DEBUG Start:27 - Number of Jobs: 5
2017-03-08 16:11:46 DEBUG Start:94 - 1002 added to Cell
2017-03-08 16:11:59 INFO  Start:17 - Starting
2017-03-08 16:11:59 DEBUG Input:31 - Reading if the file have the extension
2017-03-08 16:11:59 DEBUG Input:38 - no
2017-03-08 16:11:59 DEBUG Start:42 - File exists: true
2017-03-08 16:11:59 DEBUG Input:31 - Reading if the file have the extension
2017-03-08 16:11:59 DEBUG Input:38 - no
2017-03-08 16:11:59 DEBUG Start:42 - File exists: true
2017-03-08 16:11:59 DEBUG Input:31 - Reading if the file have the extension
2017-03-08 16:11:59 DEBUG Input:38 - no
2017-03-08 16:11:59 DEBUG Start:42 - File exists: true
2017-03-08 16:11:59 DEBUG Start:27 - Number of Jobs: 5
2017-03-08 16:11:59 DEBUG Start:94 - 1002 added to Cell
2017-03-08 16:12:10 INFO  Start:17 - Starting
2017-03-08 16:12:10 DEBUG Input:31 - Reading if the file have the extension
2017-03-08 16:12:10 DEBUG Input:38 - no
2017-03-08 16:12:10 DEBUG Start:42 - File exists: true
2017-03-08 16:12:10 DEBUG Input:31 - Reading if the file have the extension
2017-03-08 16:12:10 DEBUG Input:38 - no
2017-03-08 16:12:10 DEBUG Start:42 - File exists: true
2017-03-08 16:12:10 DEBUG Input:31 - Reading if the file have the extension
2017-03-08 16:12:10 DEBUG Input:38 - no
2017-03-08 16:12:10 DEBUG Start:42 - File exists: true
2017-03-08 16:12:10 DEBUG Start:27 - Number of Jobs: 5
2017-03-08 16:12:10 DEBUG Start:94 - 1002 added to Cell
2017-03-08 16:12:38 INFO  Start:17 - Starting
2017-03-08 16:12:38 DEBUG Input:31 - Reading if the file have the extension
2017-03-08 16:12:38 DEBUG Input:38 - no
2017-03-08 16:12:38 DEBUG Start:42 - File exists: true
2017-03-08 16:12:38 DEBUG Input:31 - Reading if the file have the extension
2017-03-08 16:12:38 DEBUG Input:38 - no
2017-03-08 16:12:38 DEBUG Start:42 - File exists: true
2017-03-08 16:12:38 DEBUG Input:31 - Reading if the file have the extension
2017-03-08 16:12:38 DEBUG Input:38 - no
2017-03-08 16:12:38 DEBUG Start:42 - File exists: true
2017-03-08 16:12:38 DEBUG Start:27 - Number of Jobs: 5
2017-03-08 16:12:38 DEBUG Start:94 - 1002 added to Cell
2017-03-08 16:12:42 INFO  Start:93 - GUI was closed
2017-03-08 16:13:16 INFO  Start:17 - Starting
2017-03-08 16:13:16 DEBUG Input:31 - Reading if the file have the extension
2017-03-08 16:13:16 DEBUG Input:38 - no
2017-03-08 16:13:16 DEBUG Start:42 - File exists: true
2017-03-08 16:13:16 DEBUG Input:31 - Reading if the file have the extension
2017-03-08 16:13:16 DEBUG Input:38 - no
2017-03-08 16:13:16 DEBUG Start:42 - File exists: true
2017-03-08 16:13:16 DEBUG Input:31 - Reading if the file have the extension
2017-03-08 16:13:16 DEBUG Input:38 - no
2017-03-08 16:13:16 DEBUG Start:42 - File exists: true
2017-03-08 16:13:16 DEBUG Start:27 - Number of Jobs: 5
2017-03-08 16:13:16 DEBUG Start:94 - 1002 added to Cell
2017-03-08 16:13:34 INFO  Start:93 - GUI was closed
2017-03-08 16:14:01 INFO  Start:17 - Starting
2017-03-08 16:14:01 DEBUG Input:31 - Reading if the file have the extension
2017-03-08 16:14:01 DEBUG Input:38 - no
2017-03-08 16:14:01 DEBUG Start:42 - File exists: true
2017-03-08 16:14:01 DEBUG Input:31 - Reading if the file have the extension
2017-03-08 16:14:01 DEBUG Input:38 - no
2017-03-08 16:14:01 DEBUG Start:42 - File exists: true
2017-03-08 16:14:01 DEBUG Input:31 - Reading if the file have the extension
2017-03-08 16:14:01 DEBUG Input:38 - no
2017-03-08 16:14:01 DEBUG Start:42 - File exists: true
2017-03-08 16:14:01 DEBUG Start:27 - Number of Jobs: 5
2017-03-08 16:14:01 DEBUG Start:94 - 1002 added to Cell
2017-03-08 16:14:05 INFO  Start:93 - GUI was closed
2017-03-08 16:14:16 INFO  Start:17 - Starting
2017-03-08 16:14:16 DEBUG Input:31 - Reading if the file have the extension
2017-03-08 16:14:16 DEBUG Input:38 - no
2017-03-08 16:14:16 DEBUG Start:42 - File exists: true
2017-03-08 16:14:16 DEBUG Input:31 - Reading if the file have the extension
2017-03-08 16:14:16 DEBUG Input:38 - no
2017-03-08 16:14:16 DEBUG Start:42 - File exists: true
2017-03-08 16:14:16 DEBUG Input:31 - Reading if the file have the extension
2017-03-08 16:14:16 DEBUG Input:38 - no
2017-03-08 16:14:16 DEBUG Start:42 - File exists: true
2017-03-08 16:14:16 DEBUG Start:27 - Number of Jobs: 5
2017-03-08 16:14:16 DEBUG Start:94 - 1002 added to Cell
2017-03-08 16:14:20 INFO  Start:93 - GUI was closed
2017-03-08 16:14:31 INFO  Start:17 - Starting
2017-03-08 16:14:31 DEBUG Input:31 - Reading if the file have the extension
2017-03-08 16:14:31 DEBUG Input:38 - no
2017-03-08 16:14:31 DEBUG Start:42 - File exists: true
2017-03-08 16:14:31 DEBUG Input:31 - Reading if the file have the extension
2017-03-08 16:14:31 DEBUG Input:38 - no
2017-03-08 16:14:31 DEBUG Start:42 - File exists: true
2017-03-08 16:14:31 DEBUG Input:31 - Reading if the file have the extension
2017-03-08 16:14:31 DEBUG Input:38 - no
2017-03-08 16:14:31 DEBUG Start:42 - File exists: true
2017-03-08 16:14:31 DEBUG Start:27 - Number of Jobs: 5
2017-03-08 16:14:31 DEBUG Start:94 - 1002 added to Cell
2017-03-08 16:14:35 INFO  Start:93 - GUI was closed
2017-03-08 16:14:40 INFO  Start:17 - Starting
2017-03-08 16:14:40 DEBUG Input:31 - Reading if the file have the extension
2017-03-08 16:14:40 DEBUG Input:38 - no
2017-03-08 16:14:40 DEBUG Start:42 - File exists: true
2017-03-08 16:14:40 DEBUG Input:31 - Reading if the file have the extension
2017-03-08 16:14:40 DEBUG Input:38 - no
2017-03-08 16:14:40 DEBUG Start:42 - File exists: true
2017-03-08 16:14:40 DEBUG Input:31 - Reading if the file have the extension
2017-03-08 16:14:40 DEBUG Input:38 - no
2017-03-08 16:14:40 DEBUG Start:42 - File exists: true
2017-03-08 16:14:40 DEBUG Start:27 - Number of Jobs: 5
2017-03-08 16:14:40 DEBUG Start:94 - 1002 added to Cell
2017-03-08 16:14:44 INFO  Start:93 - GUI was closed
2017-03-08 16:15:27 INFO  Start:17 - Starting
2017-03-08 16:15:27 DEBUG Input:31 - Reading if the file have the extension
2017-03-08 16:15:27 DEBUG Input:38 - no
2017-03-08 16:15:27 DEBUG Start:42 - File exists: true
2017-03-08 16:15:27 DEBUG Input:31 - Reading if the file have the extension
2017-03-08 16:15:27 DEBUG Input:38 - no
2017-03-08 16:15:27 DEBUG Start:42 - File exists: true
2017-03-08 16:15:27 DEBUG Input:31 - Reading if the file have the extension
2017-03-08 16:15:27 DEBUG Input:38 - no
2017-03-08 16:15:27 DEBUG Start:42 - File exists: true
2017-03-08 16:15:27 DEBUG Start:27 - Number of Jobs: 5
2017-03-08 16:15:27 DEBUG Start:94 - 1002 added to Cell
2017-03-08 16:15:31 INFO  Start:93 - GUI was closed
2017-03-08 16:16:30 INFO  Start:17 - Starting
2017-03-08 16:16:30 DEBUG Input:31 - Reading if the file have the extension
2017-03-08 16:16:30 DEBUG Input:38 - no
2017-03-08 16:16:30 DEBUG Start:42 - File exists: true
2017-03-08 16:16:30 DEBUG Input:31 - Reading if the file have the extension
2017-03-08 16:16:30 DEBUG Input:38 - no
2017-03-08 16:16:30 DEBUG Start:42 - File exists: true
2017-03-08 16:16:30 DEBUG Input:31 - Reading if the file have the extension
2017-03-08 16:16:30 DEBUG Input:38 - no
2017-03-08 16:16:30 DEBUG Start:42 - File exists: true
2017-03-08 16:16:31 DEBUG Start:27 - Number of Jobs: 5
2017-03-08 16:16:31 DEBUG Start:94 - 1002 added to Cell
2017-03-08 16:16:36 INFO  Start:93 - GUI was closed
2017-03-08 16:17:15 INFO  Start:17 - Starting
2017-03-08 16:17:15 DEBUG Input:31 - Reading if the file have the extension
2017-03-08 16:17:15 DEBUG Input:38 - no
2017-03-08 16:17:15 DEBUG Start:42 - File exists: true
2017-03-08 16:17:15 DEBUG Input:31 - Reading if the file have the extension
2017-03-08 16:17:15 DEBUG Input:38 - no
2017-03-08 16:17:15 DEBUG Start:42 - File exists: true
2017-03-08 16:17:15 DEBUG Input:31 - Reading if the file have the extension
2017-03-08 16:17:15 DEBUG Input:38 - no
2017-03-08 16:17:15 DEBUG Start:42 - File exists: true
2017-03-08 16:17:15 DEBUG Start:27 - Number of Jobs: 5
2017-03-08 16:17:15 DEBUG Start:94 - 1002 added to Cell
2017-03-08 16:17:27 INFO  Start:93 - GUI was closed
2017-03-08 16:19:47 INFO  Start:17 - Starting
2017-03-08 16:19:47 DEBUG Input:31 - Reading if the file have the extension
2017-03-08 16:19:47 DEBUG Input:38 - no
2017-03-08 16:19:47 DEBUG Start:42 - File exists: true
2017-03-08 16:19:47 DEBUG Input:31 - Reading if the file have the extension
2017-03-08 16:19:47 DEBUG Input:38 - no
2017-03-08 16:19:47 DEBUG Start:42 - File exists: true
2017-03-08 16:19:47 DEBUG Input:31 - Reading if the file have the extension
2017-03-08 16:19:47 DEBUG Input:38 - no
2017-03-08 16:19:47 DEBUG Start:42 - File exists: true
2017-03-08 16:19:47 DEBUG Start:27 - Number of Jobs: 5
2017-03-08 16:19:47 DEBUG Start:94 - 1002 added to Cell
2017-03-08 16:19:51 INFO  Start:93 - GUI was closed
2017-03-08 16:20:17 INFO  Start:17 - Starting
2017-03-08 16:20:17 DEBUG Input:31 - Reading if the file have the extension
2017-03-08 16:20:17 DEBUG Input:38 - no
2017-03-08 16:20:17 DEBUG Start:42 - File exists: true
2017-03-08 16:20:17 DEBUG Input:31 - Reading if the file have the extension
2017-03-08 16:20:17 DEBUG Input:38 - no
2017-03-08 16:20:17 DEBUG Start:42 - File exists: true
2017-03-08 16:20:17 DEBUG Input:31 - Reading if the file have the extension
2017-03-08 16:20:17 DEBUG Input:38 - no
2017-03-08 16:20:17 DEBUG Start:42 - File exists: true
2017-03-08 16:20:17 DEBUG Start:27 - Number of Jobs: 5
2017-03-08 16:20:17 DEBUG Start:94 - 1002 added to Cell
2017-03-08 16:20:27 INFO  Start:93 - GUI was closed
2017-03-08 16:21:11 INFO  Start:17 - Starting
2017-03-08 16:21:11 DEBUG Input:31 - Reading if the file have the extension
2017-03-08 16:21:11 DEBUG Input:38 - no
2017-03-08 16:21:11 DEBUG Start:42 - File exists: true
2017-03-08 16:21:11 DEBUG Input:31 - Reading if the file have the extension
2017-03-08 16:21:11 DEBUG Input:38 - no
2017-03-08 16:21:11 DEBUG Start:42 - File exists: true
2017-03-08 16:21:11 DEBUG Input:31 - Reading if the file have the extension
2017-03-08 16:21:11 DEBUG Input:38 - no
2017-03-08 16:21:11 DEBUG Start:42 - File exists: true
2017-03-08 16:21:11 DEBUG Start:27 - Number of Jobs: 5
2017-03-08 16:21:11 DEBUG Start:94 - 1002 added to Cell
2017-03-08 16:21:17 INFO  Start:93 - GUI was closed
2017-03-08 16:21:42 INFO  Start:17 - Starting
2017-03-08 16:21:42 DEBUG Input:31 - Reading if the file have the extension
2017-03-08 16:21:42 DEBUG Input:38 - no
2017-03-08 16:21:42 DEBUG Start:42 - File exists: true
2017-03-08 16:21:42 DEBUG Input:31 - Reading if the file have the extension
2017-03-08 16:21:42 DEBUG Input:38 - no
2017-03-08 16:21:42 DEBUG Start:42 - File exists: true
2017-03-08 16:21:42 DEBUG Input:31 - Reading if the file have the extension
2017-03-08 16:21:42 DEBUG Input:38 - no
2017-03-08 16:21:42 DEBUG Start:42 - File exists: true
2017-03-08 16:21:43 DEBUG Start:27 - Number of Jobs: 5
2017-03-08 16:21:43 DEBUG Start:94 - 1002 added to Cell
2017-03-08 16:21:46 INFO  Start:93 - GUI was closed
2017-03-08 16:21:54 INFO  Start:17 - Starting
2017-03-08 16:21:54 DEBUG Input:31 - Reading if the file have the extension
2017-03-08 16:21:54 DEBUG Input:38 - no
2017-03-08 16:21:54 DEBUG Start:42 - File exists: true
2017-03-08 16:21:54 DEBUG Input:31 - Reading if the file have the extension
2017-03-08 16:21:54 DEBUG Input:38 - no
2017-03-08 16:21:54 DEBUG Start:42 - File exists: true
2017-03-08 16:21:54 DEBUG Input:31 - Reading if the file have the extension
2017-03-08 16:21:54 DEBUG Input:38 - no
2017-03-08 16:21:54 DEBUG Start:42 - File exists: true
2017-03-08 16:21:54 DEBUG Start:27 - Number of Jobs: 5
2017-03-08 16:21:54 DEBUG Start:94 - 1002 added to Cell
2017-03-08 16:21:58 INFO  Start:93 - GUI was closed
2017-03-08 16:22:35 INFO  Start:17 - Starting
2017-03-08 16:22:35 DEBUG Input:31 - Reading if the file have the extension
2017-03-08 16:22:35 DEBUG Input:38 - no
2017-03-08 16:22:35 DEBUG Start:42 - File exists: true
2017-03-08 16:22:35 DEBUG Input:31 - Reading if the file have the extension
2017-03-08 16:22:35 DEBUG Input:38 - no
2017-03-08 16:22:35 DEBUG Start:42 - File exists: true
2017-03-08 16:22:35 DEBUG Input:31 - Reading if the file have the extension
2017-03-08 16:22:35 DEBUG Input:38 - no
2017-03-08 16:22:35 DEBUG Start:42 - File exists: true
2017-03-08 16:22:35 DEBUG Start:27 - Number of Jobs: 5
2017-03-08 16:22:35 DEBUG Start:94 - 1002 added to Cell
2017-03-08 16:22:40 INFO  Start:93 - GUI was closed
2017-03-08 16:22:49 INFO  Start:17 - Starting
2017-03-08 16:22:49 DEBUG Input:31 - Reading if the file have the extension
2017-03-08 16:22:49 DEBUG Input:38 - no
2017-03-08 16:22:49 DEBUG Start:42 - File exists: true
2017-03-08 16:22:49 DEBUG Input:31 - Reading if the file have the extension
2017-03-08 16:22:49 DEBUG Input:38 - no
2017-03-08 16:22:49 DEBUG Start:42 - File exists: true
2017-03-08 16:22:49 DEBUG Input:31 - Reading if the file have the extension
2017-03-08 16:22:49 DEBUG Input:38 - no
2017-03-08 16:22:49 DEBUG Start:42 - File exists: true
2017-03-08 16:22:49 DEBUG Start:27 - Number of Jobs: 5
2017-03-08 16:22:49 DEBUG Start:94 - 1002 added to Cell
2017-03-08 16:22:52 INFO  Start:93 - GUI was closed
2017-03-08 16:22:58 INFO  Start:17 - Starting
2017-03-08 16:22:58 DEBUG Input:31 - Reading if the file have the extension
2017-03-08 16:22:58 DEBUG Input:38 - no
2017-03-08 16:22:58 DEBUG Start:42 - File exists: true
2017-03-08 16:22:58 DEBUG Input:31 - Reading if the file have the extension
2017-03-08 16:22:58 DEBUG Input:38 - no
2017-03-08 16:22:58 DEBUG Start:42 - File exists: true
2017-03-08 16:22:58 DEBUG Input:31 - Reading if the file have the extension
2017-03-08 16:22:58 DEBUG Input:38 - no
2017-03-08 16:22:58 DEBUG Start:42 - File exists: true
2017-03-08 16:22:58 DEBUG Start:27 - Number of Jobs: 5
2017-03-08 16:22:58 DEBUG Start:94 - 1002 added to Cell
2017-03-08 16:23:05 INFO  Start:93 - GUI was closed
2017-03-08 16:23:40 INFO  Start:17 - Starting
2017-03-08 16:23:40 DEBUG Input:31 - Reading if the file have the extension
2017-03-08 16:23:40 DEBUG Input:38 - no
2017-03-08 16:23:40 DEBUG Start:42 - File exists: true
2017-03-08 16:23:40 DEBUG Input:31 - Reading if the file have the extension
2017-03-08 16:23:40 DEBUG Input:38 - no
2017-03-08 16:23:40 DEBUG Start:42 - File exists: true
2017-03-08 16:23:40 DEBUG Input:31 - Reading if the file have the extension
2017-03-08 16:23:40 DEBUG Input:38 - no
2017-03-08 16:23:40 DEBUG Start:42 - File exists: true
2017-03-08 16:23:40 DEBUG Start:27 - Number of Jobs: 5
2017-03-08 16:23:40 DEBUG Start:94 - 1002 added to Cell
2017-03-08 16:23:43 INFO  Start:93 - GUI was closed
2017-03-08 16:23:53 INFO  Start:17 - Starting
2017-03-08 16:23:53 DEBUG Input:31 - Reading if the file have the extension
2017-03-08 16:23:53 DEBUG Input:38 - no
2017-03-08 16:23:53 DEBUG Start:42 - File exists: true
2017-03-08 16:23:53 DEBUG Input:31 - Reading if the file have the extension
2017-03-08 16:23:53 DEBUG Input:38 - no
2017-03-08 16:23:53 DEBUG Start:42 - File exists: true
2017-03-08 16:23:53 DEBUG Input:31 - Reading if the file have the extension
2017-03-08 16:23:53 DEBUG Input:38 - no
2017-03-08 16:23:53 DEBUG Start:42 - File exists: true
2017-03-08 16:23:53 DEBUG Start:27 - Number of Jobs: 5
2017-03-08 16:23:53 DEBUG Start:94 - 1002 added to Cell
2017-03-08 16:23:57 INFO  Start:93 - GUI was closed
2017-03-08 16:24:12 INFO  Start:17 - Starting
2017-03-08 16:24:12 DEBUG Input:31 - Reading if the file have the extension
2017-03-08 16:24:12 DEBUG Input:38 - no
2017-03-08 16:24:12 DEBUG Start:42 - File exists: true
2017-03-08 16:24:12 DEBUG Input:31 - Reading if the file have the extension
2017-03-08 16:24:12 DEBUG Input:38 - no
2017-03-08 16:24:12 DEBUG Start:42 - File exists: true
2017-03-08 16:24:12 DEBUG Input:31 - Reading if the file have the extension
2017-03-08 16:24:12 DEBUG Input:38 - no
2017-03-08 16:24:12 DEBUG Start:42 - File exists: true
2017-03-08 16:24:12 DEBUG Start:27 - Number of Jobs: 5
2017-03-08 16:24:12 DEBUG Start:94 - 1002 added to Cell
2017-03-08 16:24:22 INFO  Start:93 - GUI was closed
2017-03-08 16:24:36 INFO  Start:17 - Starting
2017-03-08 16:24:36 DEBUG Input:31 - Reading if the file have the extension
2017-03-08 16:24:36 DEBUG Input:38 - no
2017-03-08 16:24:36 DEBUG Start:42 - File exists: true
2017-03-08 16:24:36 DEBUG Input:31 - Reading if the file have the extension
2017-03-08 16:24:36 DEBUG Input:38 - no
2017-03-08 16:24:36 DEBUG Start:42 - File exists: true
2017-03-08 16:24:36 DEBUG Input:31 - Reading if the file have the extension
2017-03-08 16:24:36 DEBUG Input:38 - no
2017-03-08 16:24:36 DEBUG Start:42 - File exists: true
2017-03-08 16:24:36 DEBUG Start:27 - Number of Jobs: 5
2017-03-08 16:24:36 DEBUG Start:94 - 1002 added to Cell
2017-03-08 16:24:39 INFO  Start:93 - GUI was closed
2017-03-08 16:24:45 INFO  Start:17 - Starting
2017-03-08 16:24:45 DEBUG Input:31 - Reading if the file have the extension
2017-03-08 16:24:45 DEBUG Input:38 - no
2017-03-08 16:24:45 DEBUG Start:42 - File exists: true
2017-03-08 16:24:45 DEBUG Input:31 - Reading if the file have the extension
2017-03-08 16:24:45 DEBUG Input:38 - no
2017-03-08 16:24:45 DEBUG Start:42 - File exists: true
2017-03-08 16:24:45 DEBUG Input:31 - Reading if the file have the extension
2017-03-08 16:24:45 DEBUG Input:38 - no
2017-03-08 16:24:45 DEBUG Start:42 - File exists: true
2017-03-08 16:24:45 DEBUG Start:27 - Number of Jobs: 5
2017-03-08 16:24:45 DEBUG Start:94 - 1002 added to Cell
2017-03-08 16:24:50 INFO  Start:77 - Cell was started on job id: 1002
2017-03-08 16:24:50 INFO  Start:80 - Keith attempted to start, but has no assigned job
2017-03-08 16:25:09 INFO  Start:17 - Starting
2017-03-08 16:25:09 DEBUG Input:31 - Reading if the file have the extension
2017-03-08 16:25:09 DEBUG Input:38 - no
2017-03-08 16:25:09 DEBUG Start:42 - File exists: true
2017-03-08 16:25:09 DEBUG Input:31 - Reading if the file have the extension
2017-03-08 16:25:09 DEBUG Input:38 - no
2017-03-08 16:25:09 DEBUG Start:42 - File exists: true
2017-03-08 16:25:09 DEBUG Input:31 - Reading if the file have the extension
2017-03-08 16:25:09 DEBUG Input:38 - no
2017-03-08 16:25:09 DEBUG Start:42 - File exists: true
2017-03-08 16:25:10 DEBUG Start:27 - Number of Jobs: 5
2017-03-08 16:25:10 DEBUG Start:94 - 1002 added to Cell
2017-03-08 16:25:14 INFO  Start:77 - Cell was started on job id: 1002
2017-03-08 16:25:14 INFO  Start:80 - Keith attempted to start, but has no assigned job
2017-03-08 16:25:17 INFO  Start:93 - GUI was closed
2017-03-08 16:25:55 INFO  Start:17 - Starting
2017-03-08 16:25:55 DEBUG Input:31 - Reading if the file have the extension
2017-03-08 16:25:55 DEBUG Input:38 - no
2017-03-08 16:25:55 DEBUG Start:42 - File exists: true
2017-03-08 16:25:55 DEBUG Input:31 - Reading if the file have the extension
2017-03-08 16:25:55 DEBUG Input:38 - no
2017-03-08 16:25:55 DEBUG Start:42 - File exists: true
2017-03-08 16:25:55 DEBUG Input:31 - Reading if the file have the extension
2017-03-08 16:25:55 DEBUG Input:38 - no
2017-03-08 16:25:55 DEBUG Start:42 - File exists: true
2017-03-08 16:25:55 DEBUG Start:27 - Number of Jobs: 5
2017-03-08 16:25:55 DEBUG Start:94 - 1002 added to Cell
2017-03-08 16:26:06 INFO  Start:77 - Cell was started on job id: 1002
2017-03-08 16:26:06 INFO  Start:80 - Keith attempted to start, but has no assigned job
2017-03-08 16:26:10 INFO  Start:93 - GUI was closed
2017-03-08 16:28:31 INFO  Start:17 - Starting
2017-03-08 16:28:31 DEBUG Input:31 - Reading if the file have the extension
2017-03-08 16:28:31 DEBUG Input:38 - no
2017-03-08 16:28:31 DEBUG Start:42 - File exists: true
2017-03-08 16:28:31 DEBUG Input:31 - Reading if the file have the extension
2017-03-08 16:28:31 DEBUG Input:38 - no
2017-03-08 16:28:31 DEBUG Start:42 - File exists: true
2017-03-08 16:28:31 DEBUG Input:31 - Reading if the file have the extension
2017-03-08 16:28:31 DEBUG Input:38 - no
2017-03-08 16:28:31 DEBUG Start:42 - File exists: true
2017-03-08 16:28:31 DEBUG Start:27 - Number of Jobs: 5
2017-03-08 16:28:31 DEBUG Start:95 - 1002 added to Cell
2017-03-08 16:28:34 INFO  Start:77 - Cell was started on job id: 1002
2017-03-08 16:28:34 INFO  Start:80 - Keith attempted to start, but has no assigned job
2017-03-08 16:28:34 DEBUG Start:84 - Assigned job size: 1
2017-03-08 16:31:25 INFO  Start:17 - Starting
2017-03-08 16:31:25 DEBUG Input:31 - Reading if the file have the extension
2017-03-08 16:31:25 DEBUG Input:38 - no
2017-03-08 16:31:25 DEBUG Start:42 - File exists: true
2017-03-08 16:31:25 DEBUG Input:31 - Reading if the file have the extension
2017-03-08 16:31:25 DEBUG Input:38 - no
2017-03-08 16:31:25 DEBUG Start:42 - File exists: true
2017-03-08 16:31:25 DEBUG Input:31 - Reading if the file have the extension
2017-03-08 16:31:25 DEBUG Input:38 - no
2017-03-08 16:31:25 DEBUG Start:42 - File exists: true
2017-03-08 16:31:25 DEBUG Start:27 - Number of Jobs: 5
2017-03-08 16:31:25 DEBUG Start:104 - 1002 added to Cell
2017-03-08 16:31:28 INFO  Start:78 - Cell was started on job id: 1002
2017-03-08 16:31:28 INFO  Start:81 - Keith attempted to start, but has no assigned job
2017-03-08 16:31:28 DEBUG Start:85 - Assigned job size: 1
2017-03-08 16:31:28 DEBUG Start:88 - Job id: 1002
2017-03-08 16:31:28 DEBUG Start:89 - Item .... Location
2017-03-08 16:31:28 DEBUG Start:91 - f .... 4
2017-03-08 16:34:09 INFO  Start:17 - Starting
2017-03-08 16:34:09 DEBUG Input:31 - Reading if the file have the extension
2017-03-08 16:34:09 DEBUG Input:38 - no
2017-03-08 16:34:09 DEBUG Start:42 - File exists: true
2017-03-08 16:34:09 DEBUG Input:31 - Reading if the file have the extension
2017-03-08 16:34:09 DEBUG Input:38 - no
2017-03-08 16:34:09 DEBUG Start:42 - File exists: true
2017-03-08 16:34:09 DEBUG Input:31 - Reading if the file have the extension
2017-03-08 16:34:09 DEBUG Input:38 - no
2017-03-08 16:34:09 DEBUG Start:42 - File exists: true
2017-03-08 16:34:09 DEBUG Start:27 - Number of Jobs: 5
2017-03-08 16:34:09 DEBUG Start:104 - 1002 added to Cell
2017-03-08 16:34:12 INFO  Start:78 - Cell was started on job id: 1002
2017-03-08 16:34:12 INFO  Start:81 - Keith attempted to start, but has no assigned job
2017-03-08 16:34:12 DEBUG Start:85 - Assigned job size: 1
2017-03-08 16:34:12 DEBUG Start:88 - Job id: 1002
2017-03-08 16:34:12 DEBUG Start:89 - Item .... Quantitiy .... Location
2017-03-08 16:34:35 INFO  Start:17 - Starting
2017-03-08 16:34:35 DEBUG Input:31 - Reading if the file have the extension
2017-03-08 16:34:35 DEBUG Input:38 - no
2017-03-08 16:34:35 DEBUG Start:42 - File exists: true
2017-03-08 16:34:35 DEBUG Input:31 - Reading if the file have the extension
2017-03-08 16:34:35 DEBUG Input:38 - no
2017-03-08 16:34:35 DEBUG Start:42 - File exists: true
2017-03-08 16:34:35 DEBUG Input:31 - Reading if the file have the extension
2017-03-08 16:34:35 DEBUG Input:38 - no
2017-03-08 16:34:35 DEBUG Start:42 - File exists: true
2017-03-08 16:34:35 DEBUG Start:27 - Number of Jobs: 5
2017-03-08 16:34:35 DEBUG Start:104 - 1002 added to Cell
2017-03-08 16:34:38 INFO  Start:78 - Cell was started on job id: 1002
2017-03-08 16:34:38 INFO  Start:81 - Keith attempted to start, but has no assigned job
2017-03-08 16:34:38 DEBUG Start:85 - Assigned job size: 1
2017-03-08 16:34:38 DEBUG Start:88 - Job id: 1002
2017-03-08 16:34:38 DEBUG Start:89 - Item .... Quantitiy .... Location
2017-03-08 16:34:39 INFO  Start:93 - GUI was closed
2017-03-08 16:36:27 INFO  Start:17 - Starting
2017-03-08 16:36:27 DEBUG Input:31 - Reading if the file have the extension
2017-03-08 16:36:27 DEBUG Input:38 - no
2017-03-08 16:36:27 DEBUG Start:42 - File exists: true
2017-03-08 16:36:27 DEBUG Input:31 - Reading if the file have the extension
2017-03-08 16:36:27 DEBUG Input:38 - no
2017-03-08 16:36:27 DEBUG Start:42 - File exists: true
2017-03-08 16:36:27 DEBUG Input:31 - Reading if the file have the extension
2017-03-08 16:36:27 DEBUG Input:38 - no
2017-03-08 16:36:27 DEBUG Start:42 - File exists: true
2017-03-08 16:36:27 DEBUG Start:168 - 21
2017-03-08 16:36:27 DEBUG Start:27 - Number of Jobs: 5
2017-03-08 16:36:27 DEBUG Start:104 - 1002 added to Cell
2017-03-08 16:36:44 INFO  Start:93 - GUI was closed
2017-03-08 16:36:58 INFO  Start:17 - Starting
2017-03-08 16:36:58 DEBUG Input:31 - Reading if the file have the extension
2017-03-08 16:36:58 DEBUG Input:38 - no
2017-03-08 16:36:58 DEBUG Start:42 - File exists: true
2017-03-08 16:36:58 DEBUG Input:31 - Reading if the file have the extension
2017-03-08 16:36:58 DEBUG Input:38 - no
2017-03-08 16:36:58 DEBUG Start:42 - File exists: true
2017-03-08 16:36:58 DEBUG Input:31 - Reading if the file have the extension
2017-03-08 16:36:58 DEBUG Input:38 - no
2017-03-08 16:36:58 DEBUG Start:42 - File exists: true
2017-03-08 16:36:58 DEBUG Start:168 - 2 1
2017-03-08 16:36:58 DEBUG Start:27 - Number of Jobs: 5
2017-03-08 16:36:58 DEBUG Start:104 - 1002 added to Cell
2017-03-08 16:37:04 INFO  Start:93 - GUI was closed
2017-03-08 16:37:37 INFO  Start:17 - Starting
2017-03-08 16:37:37 DEBUG Input:31 - Reading if the file have the extension
2017-03-08 16:37:37 DEBUG Input:38 - no
2017-03-08 16:37:37 DEBUG Start:42 - File exists: true
2017-03-08 16:37:37 DEBUG Input:31 - Reading if the file have the extension
2017-03-08 16:37:37 DEBUG Input:38 - no
2017-03-08 16:37:37 DEBUG Start:42 - File exists: true
2017-03-08 16:37:37 DEBUG Input:31 - Reading if the file have the extension
2017-03-08 16:37:37 DEBUG Input:38 - no
2017-03-08 16:37:37 DEBUG Start:42 - File exists: true
2017-03-08 16:37:37 DEBUG Start:168 - bLocation2 1
2017-03-08 16:37:37 DEBUG Start:27 - Number of Jobs: 5
2017-03-08 16:37:37 DEBUG Start:104 - 1002 added to Cell
2017-03-08 16:37:49 INFO  Start:93 - GUI was closed
2017-03-08 16:38:15 INFO  Start:17 - Starting
2017-03-08 16:38:15 DEBUG Input:31 - Reading if the file have the extension
2017-03-08 16:38:15 DEBUG Input:38 - no
2017-03-08 16:38:15 DEBUG Start:42 - File exists: true
2017-03-08 16:38:15 DEBUG Input:31 - Reading if the file have the extension
2017-03-08 16:38:15 DEBUG Input:38 - no
2017-03-08 16:38:15 DEBUG Start:42 - File exists: true
2017-03-08 16:38:15 DEBUG Input:31 - Reading if the file have the extension
2017-03-08 16:38:15 DEBUG Input:38 - no
2017-03-08 16:38:15 DEBUG Start:42 - File exists: true
2017-03-08 16:38:15 DEBUG Start:168 - b's Location: 2 1
2017-03-08 16:38:15 DEBUG Start:27 - Number of Jobs: 5
2017-03-08 16:38:15 DEBUG Start:104 - 1002 added to Cell
2017-03-08 16:38:29 INFO  Start:78 - Cell was started on job id: 1002
2017-03-08 16:38:29 INFO  Start:81 - Keith attempted to start, but has no assigned job
2017-03-08 16:38:29 DEBUG Start:85 - Assigned job size: 1
2017-03-08 16:38:29 DEBUG Start:88 - Job id: 1002
2017-03-08 16:38:29 DEBUG Start:89 - Item .... Quantitiy .... Location
2017-03-08 16:40:47 INFO  Start:17 - Starting
2017-03-08 16:40:47 DEBUG Input:31 - Reading if the file have the extension
2017-03-08 16:40:47 DEBUG Input:38 - no
2017-03-08 16:40:47 DEBUG Start:42 - File exists: true
2017-03-08 16:40:47 DEBUG Input:31 - Reading if the file have the extension
2017-03-08 16:40:47 DEBUG Input:38 - no
2017-03-08 16:40:47 DEBUG Start:42 - File exists: true
2017-03-08 16:40:47 DEBUG Input:31 - Reading if the file have the extension
2017-03-08 16:40:47 DEBUG Input:38 - no
2017-03-08 16:40:47 DEBUG Start:42 - File exists: true
2017-03-08 16:40:47 DEBUG Start:168 - b's Location: 2 1
2017-03-08 16:40:47 DEBUG Start:27 - Number of Jobs: 5
2017-03-08 16:40:47 DEBUG Start:104 - 1002 added to Cell
2017-03-08 16:40:51 INFO  Start:78 - Cell was started on job id: 1002
2017-03-08 16:40:51 INFO  Start:81 - Keith attempted to start, but has no assigned job
2017-03-08 16:40:51 DEBUG Start:85 - Assigned job size: 1
2017-03-08 16:40:51 DEBUG Start:88 - Job id: 1002
2017-03-08 16:40:51 DEBUG Start:89 - Item .... Quantitiy .... Location
2017-03-08 16:40:51 DEBUG Start:91 - f .... 4 .... 
2017-03-08 16:47:21 INFO  Start:17 - Starting
2017-03-08 16:47:21 DEBUG Input:32 - Reading if the file have the extension
2017-03-08 16:47:21 DEBUG Input:39 - no
2017-03-08 16:47:21 DEBUG Start:43 - File exists: true
2017-03-08 16:47:21 DEBUG Input:32 - Reading if the file have the extension
2017-03-08 16:47:21 DEBUG Input:39 - no
2017-03-08 16:47:21 DEBUG Start:43 - File exists: true
2017-03-08 16:47:21 DEBUG Input:32 - Reading if the file have the extension
2017-03-08 16:47:21 DEBUG Input:39 - no
2017-03-08 16:47:21 DEBUG Start:43 - File exists: true
2017-03-08 16:47:21 DEBUG Start:172 - b's Location: 2 1
2017-03-08 16:47:21 DEBUG Start:27 - Number of Jobs: 5
2017-03-08 16:47:21 DEBUG Start:104 - 1002 added to Cell
2017-03-08 16:47:27 INFO  Start:93 - GUI was closed
2017-03-08 16:47:33 INFO  Start:17 - Starting
2017-03-08 16:47:33 DEBUG Input:32 - Reading if the file have the extension
2017-03-08 16:47:33 DEBUG Input:39 - no
2017-03-08 16:47:33 DEBUG Start:43 - File exists: true
2017-03-08 16:47:33 DEBUG Input:32 - Reading if the file have the extension
2017-03-08 16:47:33 DEBUG Input:39 - no
2017-03-08 16:47:33 DEBUG Start:43 - File exists: true
2017-03-08 16:47:33 DEBUG Input:32 - Reading if the file have the extension
2017-03-08 16:47:33 DEBUG Input:39 - no
2017-03-08 16:47:33 DEBUG Start:43 - File exists: true
2017-03-08 16:47:33 DEBUG Start:172 - b's Location: 2 1
2017-03-08 16:47:33 DEBUG Start:27 - Number of Jobs: 5
2017-03-08 16:47:33 DEBUG Start:104 - 1002 added to Cell
2017-03-08 16:47:40 INFO  Start:93 - GUI was closed
2017-03-08 16:47:50 INFO  Start:17 - Starting
2017-03-08 16:47:50 DEBUG Input:32 - Reading if the file have the extension
2017-03-08 16:47:50 DEBUG Input:39 - no
2017-03-08 16:47:50 DEBUG Start:43 - File exists: true
2017-03-08 16:47:50 DEBUG Input:32 - Reading if the file have the extension
2017-03-08 16:47:50 DEBUG Input:39 - no
2017-03-08 16:47:50 DEBUG Start:43 - File exists: true
2017-03-08 16:47:50 DEBUG Input:32 - Reading if the file have the extension
2017-03-08 16:47:50 DEBUG Input:39 - no
2017-03-08 16:47:50 DEBUG Start:43 - File exists: true
2017-03-08 16:47:50 DEBUG Start:165 - In Jobid: 1001
2017-03-08 16:47:50 DEBUG Start:165 - In Jobid: 1002
2017-03-08 16:47:50 DEBUG Start:165 - In Jobid: 1005
2017-03-08 16:47:50 DEBUG Start:165 - In Jobid: 1002
2017-03-08 16:47:50 DEBUG Start:165 - In Jobid: 1007
2017-03-08 16:47:50 DEBUG Start:165 - In Jobid: 1015
2017-03-08 16:47:50 DEBUG Start:165 - In Jobid: 1001
2017-03-08 16:47:50 DEBUG Start:172 - b's Location: 2 1
2017-03-08 16:47:50 DEBUG Start:165 - In Jobid: 1002
2017-03-08 16:47:50 DEBUG Start:165 - In Jobid: 1005
2017-03-08 16:47:50 DEBUG Start:165 - In Jobid: 1002
2017-03-08 16:47:50 DEBUG Start:165 - In Jobid: 1007
2017-03-08 16:47:50 DEBUG Start:165 - In Jobid: 1015
2017-03-08 16:47:50 DEBUG Start:27 - Number of Jobs: 5
2017-03-08 16:47:50 DEBUG Start:104 - 1002 added to Cell
2017-03-08 16:48:16 INFO  Start:93 - GUI was closed
